[09-Feb-2021 04:45:58 America/Caracas] PHP Notice:  Array to string conversion in D:\DEVAPP\htdocs\Bianet\Models\ajusteModel.php on line 330
[09-Feb-2021 04:45:58 America/Caracas] PHP Notice:  Array to string conversion in D:\DEVAPP\htdocs\Bianet\Models\ajusteModel.php on line 331
[09-Feb-2021 04:49:02 America/Caracas] PHP Notice:  Array to string conversion in D:\DEVAPP\htdocs\Bianet\Models\ajusteModel.php on line 330
[09-Feb-2021 04:49:02 America/Caracas] PHP Notice:  Array to string conversion in D:\DEVAPP\htdocs\Bianet\Models\ajusteModel.php on line 331
[09-Feb-2021 04:59:32 America/Caracas] PHP Notice:  Array to string conversion in D:\DEVAPP\htdocs\Bianet\Models\ajusteModel.php on line 342
[09-Feb-2021 04:59:32 America/Caracas] PHP Notice:  Array to string conversion in D:\DEVAPP\htdocs\Bianet\Models\ajusteModel.php on line 342
[09-Feb-2021 04:59:32 America/Caracas] PHP Notice:  Array to string conversion in D:\DEVAPP\htdocs\Bianet\Models\ajusteModel.php on line 343
[09-Feb-2021 04:59:32 America/Caracas] PHP Fatal error:  Uncaught PDOException: SQLSTATE[HY093]: Invalid parameter number: number of bound variables does not match number of tokens in D:\DEVAPP\htdocs\Bianet\Core\MySql.php:50
Stack trace:
#0 D:\DEVAPP\htdocs\Bianet\Core\MySql.php(50): PDOStatement->execute(Array)
#1 D:\DEVAPP\htdocs\Bianet\Models\ajusteModel.php(346): MySql->Insert('UPDATE tbstock ...', Array)
#2 D:\DEVAPP\htdocs\Bianet\Controllers\Ajuste.php(41): ajusteModel->AddStockArt(Array, Array, Array, Array, Array, Array, 'Entrada')
#3 D:\DEVAPP\htdocs\Bianet\Core\Load.php(10): Ajuste->Insertar('')
#4 D:\DEVAPP\htdocs\Bianet\index.php(30): require_once('D:\\DEVAPP\\htdoc...')
#5 {main}
  thrown in D:\DEVAPP\htdocs\Bianet\Core\MySql.php on line 50
[09-Feb-2021 05:08:27 America/Caracas] PHP Notice:  Array to string conversion in D:\DEVAPP\htdocs\Bianet\Models\ajusteModel.php on line 347
[09-Feb-2021 05:08:27 America/Caracas] PHP Notice:  Array to string conversion in D:\DEVAPP\htdocs\Bianet\Models\ajusteModel.php on line 347
[09-Feb-2021 05:08:27 America/Caracas] PHP Notice:  Array to string conversion in D:\DEVAPP\htdocs\Bianet\Models\ajusteModel.php on line 348
[09-Feb-2021 05:08:27 America/Caracas] PHP Fatal error:  Uncaught PDOException: SQLSTATE[HY093]: Invalid parameter number: number of bound variables does not match number of tokens in D:\DEVAPP\htdocs\Bianet\Core\MySql.php:50
Stack trace:
#0 D:\DEVAPP\htdocs\Bianet\Core\MySql.php(50): PDOStatement->execute(Array)
#1 D:\DEVAPP\htdocs\Bianet\Models\ajusteModel.php(351): MySql->Insert('UPDATE tbstock ...', Array)
#2 D:\DEVAPP\htdocs\Bianet\Controllers\Ajuste.php(41): ajusteModel->AddStockArt(Array, Array, Array, Array, Array, Array, 'Entrada')
#3 D:\DEVAPP\htdocs\Bianet\Core\Load.php(10): Ajuste->Insertar('')
#4 D:\DEVAPP\htdocs\Bianet\index.php(30): require_once('D:\\DEVAPP\\htdoc...')
#5 {main}
  thrown in D:\DEVAPP\htdocs\Bianet\Core\MySql.php on line 50
[09-Feb-2021 05:12:56 America/Caracas] PHP Notice:  Array to string conversion in D:\DEVAPP\htdocs\Bianet\Models\ajusteModel.php on line 333
[09-Feb-2021 05:12:56 America/Caracas] PHP Notice:  Array to string conversion in D:\DEVAPP\htdocs\Bianet\Models\ajusteModel.php on line 333
[09-Feb-2021 05:12:56 America/Caracas] PHP Notice:  Array to string conversion in D:\DEVAPP\htdocs\Bianet\Models\ajusteModel.php on line 335
[09-Feb-2021 05:12:56 America/Caracas] PHP Notice:  Array to string conversion in D:\DEVAPP\htdocs\Bianet\Models\ajusteModel.php on line 335
[09-Feb-2021 05:12:56 America/Caracas] PHP Fatal error:  Uncaught PDOException: SQLSTATE[23000]: Integrity constraint violation: 1452 Cannot add or update a child row: a foreign key constraint fails (`admindb`.`tbstock`, CONSTRAINT `stock_articulo` FOREIGN KEY (`idarticulo`) REFERENCES `tbarticulo` (`idarticulo`) ON DELETE CASCADE) in D:\DEVAPP\htdocs\Bianet\Core\MySql.php:50
Stack trace:
#0 D:\DEVAPP\htdocs\Bianet\Core\MySql.php(50): PDOStatement->execute(Array)
#1 D:\DEVAPP\htdocs\Bianet\Models\ajusteModel.php(338): MySql->Insert('INSERT INTO tbs...', Array)
#2 D:\DEVAPP\htdocs\Bianet\Controllers\Ajuste.php(41): ajusteModel->AddStockArt(Array, Array, Array, Array, Array, Array, 'Entrada')
#3 D:\DEVAPP\htdocs\Bianet\Core\Load.php(10): Ajuste->Insertar('')
#4 D:\DEVAPP\htdocs\Bianet\index.php(30): require_once('D:\\DEVAPP\\htdoc...')
#5 {main}
  thrown in D:\DEVAPP\htdocs\Bianet\Core\MySql.php on line 50
[09-Feb-2021 05:17:26 America/Caracas] PHP Notice:  Array to string conversion in D:\DEVAPP\htdocs\Bianet\Models\ajusteModel.php on line 333
[09-Feb-2021 05:17:27 America/Caracas] PHP Notice:  Array to string conversion in D:\DEVAPP\htdocs\Bianet\Models\ajusteModel.php on line 333
[09-Feb-2021 05:17:27 America/Caracas] PHP Notice:  Array to string conversion in D:\DEVAPP\htdocs\Bianet\Models\ajusteModel.php on line 335
[09-Feb-2021 05:17:27 America/Caracas] PHP Notice:  Array to string conversion in D:\DEVAPP\htdocs\Bianet\Models\ajusteModel.php on line 335
[09-Feb-2021 05:17:27 America/Caracas] PHP Fatal error:  Uncaught PDOException: SQLSTATE[23000]: Integrity constraint violation: 1452 Cannot add or update a child row: a foreign key constraint fails (`admindb`.`tbstock`, CONSTRAINT `stock_articulo` FOREIGN KEY (`idarticulo`) REFERENCES `tbarticulo` (`idarticulo`) ON DELETE CASCADE) in D:\DEVAPP\htdocs\Bianet\Core\MySql.php:50
Stack trace:
#0 D:\DEVAPP\htdocs\Bianet\Core\MySql.php(50): PDOStatement->execute(Array)
#1 D:\DEVAPP\htdocs\Bianet\Models\ajusteModel.php(338): MySql->Insert('INSERT INTO tbs...', Array)
#2 D:\DEVAPP\htdocs\Bianet\Controllers\Ajuste.php(41): ajusteModel->AddStockArt(Array, Array, Array, Array, Array, Array, 'Entrada')
#3 D:\DEVAPP\htdocs\Bianet\Core\Load.php(10): Ajuste->Insertar('')
#4 D:\DEVAPP\htdocs\Bianet\index.php(30): require_once('D:\\DEVAPP\\htdoc...')
#5 {main}
  thrown in D:\DEVAPP\htdocs\Bianet\Core\MySql.php on line 50
[09-Feb-2021 05:31:49 America/Caracas] PHP Notice:  Array to string conversion in D:\DEVAPP\htdocs\Bianet\Models\ajusteModel.php on line 326
[09-Feb-2021 05:31:49 America/Caracas] PHP Notice:  Array to string conversion in D:\DEVAPP\htdocs\Bianet\Models\ajusteModel.php on line 326
[09-Feb-2021 05:37:44 America/Caracas] PHP Notice:  Array to string conversion in D:\DEVAPP\htdocs\Bianet\Models\ajusteModel.php on line 326
[09-Feb-2021 05:37:44 America/Caracas] PHP Notice:  Array to string conversion in D:\DEVAPP\htdocs\Bianet\Models\ajusteModel.php on line 326
[09-Feb-2021 05:37:44 America/Caracas] PHP Notice:  Array to string conversion in D:\DEVAPP\htdocs\Bianet\Models\ajusteModel.php on line 328
[09-Feb-2021 05:37:44 America/Caracas] PHP Notice:  Array to string conversion in D:\DEVAPP\htdocs\Bianet\Models\ajusteModel.php on line 328
[09-Feb-2021 05:54:28 America/Caracas] PHP Notice:  Array to string conversion in D:\DEVAPP\htdocs\Bianet\Models\ajusteModel.php on line 326
[09-Feb-2021 05:54:28 America/Caracas] PHP Notice:  Array to string conversion in D:\DEVAPP\htdocs\Bianet\Models\ajusteModel.php on line 326
[09-Feb-2021 05:54:28 America/Caracas] PHP Notice:  Array to string conversion in D:\DEVAPP\htdocs\Bianet\Models\ajusteModel.php on line 328
[09-Feb-2021 05:54:28 America/Caracas] PHP Notice:  Array to string conversion in D:\DEVAPP\htdocs\Bianet\Models\ajusteModel.php on line 328
[09-Feb-2021 05:54:28 America/Caracas] PHP Notice:  Array to string conversion in D:\DEVAPP\htdocs\Bianet\Models\ajusteModel.php on line 326
[09-Feb-2021 05:54:28 America/Caracas] PHP Notice:  Array to string conversion in D:\DEVAPP\htdocs\Bianet\Models\ajusteModel.php on line 326
[09-Feb-2021 05:54:28 America/Caracas] PHP Notice:  Array to string conversion in D:\DEVAPP\htdocs\Bianet\Models\ajusteModel.php on line 328
[09-Feb-2021 05:54:28 America/Caracas] PHP Notice:  Array to string conversion in D:\DEVAPP\htdocs\Bianet\Models\ajusteModel.php on line 328
[09-Feb-2021 05:54:28 America/Caracas] PHP Notice:  Array to string conversion in D:\DEVAPP\htdocs\Bianet\Models\ajusteModel.php on line 326
[09-Feb-2021 05:54:28 America/Caracas] PHP Notice:  Array to string conversion in D:\DEVAPP\htdocs\Bianet\Models\ajusteModel.php on line 326
[09-Feb-2021 05:54:28 America/Caracas] PHP Notice:  Array to string conversion in D:\DEVAPP\htdocs\Bianet\Models\ajusteModel.php on line 328
[09-Feb-2021 05:54:28 America/Caracas] PHP Notice:  Array to string conversion in D:\DEVAPP\htdocs\Bianet\Models\ajusteModel.php on line 328
[09-Feb-2021 05:59:04 America/Caracas] PHP Notice:  Array to string conversion in D:\DEVAPP\htdocs\Bianet\Models\ajusteModel.php on line 326
[09-Feb-2021 05:59:04 America/Caracas] PHP Notice:  Array to string conversion in D:\DEVAPP\htdocs\Bianet\Models\ajusteModel.php on line 326
[09-Feb-2021 05:59:04 America/Caracas] PHP Notice:  Array to string conversion in D:\DEVAPP\htdocs\Bianet\Models\ajusteModel.php on line 328
[09-Feb-2021 05:59:04 America/Caracas] PHP Notice:  Array to string conversion in D:\DEVAPP\htdocs\Bianet\Models\ajusteModel.php on line 328
[09-Feb-2021 06:04:20 America/Caracas] PHP Notice:  Array to string conversion in D:\DEVAPP\htdocs\Bianet\Models\ajusteModel.php on line 326
[09-Feb-2021 06:04:20 America/Caracas] PHP Notice:  Array to string conversion in D:\DEVAPP\htdocs\Bianet\Models\ajusteModel.php on line 326
[09-Feb-2021 06:04:20 America/Caracas] PHP Notice:  Array to string conversion in D:\DEVAPP\htdocs\Bianet\Models\ajusteModel.php on line 328
[09-Feb-2021 06:04:20 America/Caracas] PHP Notice:  Array to string conversion in D:\DEVAPP\htdocs\Bianet\Models\ajusteModel.php on line 328
[09-Feb-2021 06:08:21 America/Caracas] PHP Notice:  Array to string conversion in D:\DEVAPP\htdocs\Bianet\Models\ajusteModel.php on line 326
[09-Feb-2021 06:08:21 America/Caracas] PHP Notice:  Array to string conversion in D:\DEVAPP\htdocs\Bianet\Models\ajusteModel.php on line 326
[09-Feb-2021 06:08:21 America/Caracas] PHP Notice:  Array to string conversion in D:\DEVAPP\htdocs\Bianet\Models\ajusteModel.php on line 328
[09-Feb-2021 06:08:21 America/Caracas] PHP Notice:  Array to string conversion in D:\DEVAPP\htdocs\Bianet\Models\ajusteModel.php on line 328
[09-Feb-2021 06:08:21 America/Caracas] PHP Notice:  Array to string conversion in D:\DEVAPP\htdocs\Bianet\Models\ajusteModel.php on line 326
[09-Feb-2021 06:08:21 America/Caracas] PHP Notice:  Array to string conversion in D:\DEVAPP\htdocs\Bianet\Models\ajusteModel.php on line 326
[09-Feb-2021 06:08:21 America/Caracas] PHP Notice:  Array to string conversion in D:\DEVAPP\htdocs\Bianet\Models\ajusteModel.php on line 328
[09-Feb-2021 06:08:21 America/Caracas] PHP Notice:  Array to string conversion in D:\DEVAPP\htdocs\Bianet\Models\ajusteModel.php on line 328
[09-Feb-2021 06:11:38 America/Caracas] PHP Notice:  Array to string conversion in D:\DEVAPP\htdocs\Bianet\Models\ajusteModel.php on line 326
[09-Feb-2021 06:11:38 America/Caracas] PHP Notice:  Array to string conversion in D:\DEVAPP\htdocs\Bianet\Models\ajusteModel.php on line 326
[09-Feb-2021 06:11:38 America/Caracas] PHP Notice:  Array to string conversion in D:\DEVAPP\htdocs\Bianet\Models\ajusteModel.php on line 328
[09-Feb-2021 06:11:38 America/Caracas] PHP Notice:  Array to string conversion in D:\DEVAPP\htdocs\Bianet\Models\ajusteModel.php on line 328
[09-Feb-2021 06:11:38 America/Caracas] PHP Notice:  Array to string conversion in D:\DEVAPP\htdocs\Bianet\Models\ajusteModel.php on line 326
[09-Feb-2021 06:11:38 America/Caracas] PHP Notice:  Array to string conversion in D:\DEVAPP\htdocs\Bianet\Models\ajusteModel.php on line 326
[09-Feb-2021 06:11:38 America/Caracas] PHP Notice:  Array to string conversion in D:\DEVAPP\htdocs\Bianet\Models\ajusteModel.php on line 328
[09-Feb-2021 06:11:38 America/Caracas] PHP Notice:  Array to string conversion in D:\DEVAPP\htdocs\Bianet\Models\ajusteModel.php on line 328
[10-Feb-2021 06:21:35 America/Caracas] PHP Notice:  Undefined variable: data in D:\DEVAPP\htdocs\Bianet\Controllers\Ajuste.php on line 185
[10-Feb-2021 06:30:28 America/Caracas] PHP Notice:  Undefined variable: data in D:\DEVAPP\htdocs\Bianet\Controllers\Ajuste.php on line 185
